Jun-20 15:36:45.842 [main] DEBUG nextflow.cli.Launcher - $> nextflow run main.nf --STAR_INDEX /Users/vikas/Documents/UCSC/lab/kim_lab/exoTE/test/starTestIndex --ILLUMINA --PAIRED_END --INPUT_FOLDER test_fastq_paired_small/ --OUTPUT test_output -resume -with-docker 'ubuntu:18.04' --REPEAT_GTF /Users/vikas/Documents/UCSC/lab/kim_lab/refs/all_repeats_unique_gene_id.gtf --GENOMIC_GTF /Users/vikas/Documents/UCSC/lab/kim_lab/refs/gencode.v38.annotation.gtf
Jun-20 15:36:45.999 [main] INFO  nextflow.cli.CmdRun - N E X T F L O W  ~  version 20.07.1
Jun-20 15:36:46.027 [main] INFO  nextflow.cli.CmdRun - Launching `main.nf` [cheeky_shirley] - revision: 9b0fb739b7
Jun-20 15:36:46.066 [main] DEBUG nextflow.config.ConfigBuilder - Found config local: /Users/vikas/Documents/UCSC/lab/kim_lab/exoTE/nextflow.config
Jun-20 15:36:46.067 [main] DEBUG nextflow.config.ConfigBuilder - Parsing config file: /Users/vikas/Documents/UCSC/lab/kim_lab/exoTE/nextflow.config
Jun-20 15:36:46.114 [main] DEBUG nextflow.config.ConfigBuilder - Applying config profile: `standard`
Jun-20 15:36:46.681 [main] DEBUG nextflow.config.ConfigBuilder - Enabling execution in Docker container as requested by cli option `-with-docker ubuntu:18.04`
Jun-20 15:36:46.742 [main] DEBUG nextflow.Session - Session uuid: 03521f27-a505-409e-9544-ab822574eb4d
Jun-20 15:36:46.742 [main] DEBUG nextflow.Session - Run name: cheeky_shirley
Jun-20 15:36:46.742 [main] DEBUG nextflow.Session - Executor pool size: 8
Jun-20 15:36:46.982 [main] DEBUG nextflow.cli.CmdRun - 
  Version: 20.07.1 build 5412
  Created: 24-07-2020 15:18 UTC (08:18 PDT)
  System: Mac OS X 10.15.7
  Runtime: Groovy 2.5.11 on Java HotSpot(TM) 64-Bit Server VM 1.8.0_144-b01
  Encoding: UTF-8 (UTF-8)
  Process: 49339@MacBook-Pro-2.local [127.0.0.1]
  CPUs: 8 - Mem: 16 GB (45.4 MB) - Swap: 7 GB (1.1 GB)
Jun-20 15:36:47.031 [main] DEBUG nextflow.Session - Work-dir: /Users/vikas/Documents/UCSC/lab/kim_lab/exoTE/work [Mac OS X]
Jun-20 15:36:47.176 [main] DEBUG nextflow.Session - Observer factory: TowerFactory
Jun-20 15:36:47.178 [main] DEBUG nextflow.Session - Observer factory: DefaultObserverFactory
Jun-20 15:36:47.438 [main] DEBUG nextflow.Session - Session start invoked
Jun-20 15:36:47.766 [main] DEBUG nextflow.script.ScriptRunner - > Launching execution
Jun-20 15:36:48.018 [main] DEBUG nextflow.Session - Workflow process names [dsl2]: Star_PE, Fastp_PE, Chromoplots, Minimap2, Star_SE, Fastp_SE, Rename
Jun-20 15:36:48.199 [main] DEBUG nextflow.executor.ExecutorFactory - << taskConfig executor: null
Jun-20 15:36:48.199 [main] DEBUG nextflow.executor.ExecutorFactory - >> processorType: 'local'
Jun-20 15:36:48.204 [main] DEBUG nextflow.executor.Executor - [warm up] executor > local
Jun-20 15:36:48.213 [main] DEBUG n.processor.LocalPollingMonitor - Creating local task monitor for executor 'local' > cpus=8; memory=16 GB; capacity=7; pollInterval=100ms; dumpInterval=5m
Jun-20 15:36:48.306 [main] DEBUG nextflow.executor.ExecutorFactory - << taskConfig executor: null
Jun-20 15:36:48.307 [main] DEBUG nextflow.executor.ExecutorFactory - >> processorType: 'local'
Jun-20 15:36:48.321 [main] DEBUG nextflow.executor.ExecutorFactory - << taskConfig executor: null
Jun-20 15:36:48.321 [main] DEBUG nextflow.executor.ExecutorFactory - >> processorType: 'local'
Jun-20 15:36:48.331 [main] DEBUG nextflow.executor.ExecutorFactory - << taskConfig executor: null
Jun-20 15:36:48.331 [main] DEBUG nextflow.executor.ExecutorFactory - >> processorType: 'local'
Jun-20 15:36:48.336 [main] DEBUG nextflow.Session - Ignite dataflow network (6)
Jun-20 15:36:48.349 [PathVisitor-1] DEBUG nextflow.file.PathVisitor - files for syntax: glob; folder: test_fastq_paired_small/; pattern: **_R{1,2}*.fastq.gz; options: [:]
Jun-20 15:36:48.349 [main] DEBUG nextflow.processor.TaskProcessor - Starting process > Fastp_PE
Jun-20 15:36:48.350 [main] DEBUG nextflow.processor.TaskProcessor - Starting process > Star_PE
Jun-20 15:36:48.351 [main] DEBUG nextflow.processor.TaskProcessor - Starting process > Rename
Jun-20 15:36:48.351 [main] DEBUG nextflow.processor.TaskProcessor - Starting process > Chromoplots
Jun-20 15:36:48.352 [main] DEBUG nextflow.script.ScriptRunner - > Await termination 
Jun-20 15:36:48.352 [main] DEBUG nextflow.Session - Session await
Jun-20 15:36:48.662 [Actor Thread 2] INFO  nextflow.processor.TaskProcessor - [e2/5159c5] Cached process > Fastp_PE (4)
Jun-20 15:36:48.662 [Actor Thread 3] INFO  nextflow.processor.TaskProcessor - [f7/267c05] Cached process > Fastp_PE (3)
Jun-20 15:36:48.662 [Actor Thread 4] INFO  nextflow.processor.TaskProcessor - [fd/f9b395] Cached process > Fastp_PE (1)
Jun-20 15:36:48.662 [Actor Thread 5] INFO  nextflow.processor.TaskProcessor - [a7/ec29cd] Cached process > Fastp_PE (2)
Jun-20 15:36:48.704 [Actor Thread 9] INFO  nextflow.processor.TaskProcessor - [f8/be8aa2] Cached process > Star_PE (1)
Jun-20 15:36:48.717 [Actor Thread 12] INFO  nextflow.processor.TaskProcessor - [a6/f5b286] Cached process > Star_PE (3)
Jun-20 15:36:48.727 [Actor Thread 13] INFO  nextflow.processor.TaskProcessor - [dc/6447ba] Cached process > Star_PE (4)
Jun-20 15:36:48.728 [Actor Thread 11] INFO  nextflow.processor.TaskProcessor - [52/0a0bde] Cached process > Star_PE (2)
Jun-20 15:36:48.755 [Actor Thread 11] INFO  nextflow.processor.TaskProcessor - [aa/f43603] Cached process > Rename
Jun-20 15:36:48.851 [Task submitter] DEBUG nextflow.executor.LocalTaskHandler - Launch cmd line: /bin/bash -ue .command.run
Jun-20 15:36:48.857 [Task submitter] INFO  nextflow.Session - [81/1f0de8] Submitted process > Chromoplots (4)
Jun-20 15:36:48.867 [Task submitter] DEBUG nextflow.executor.LocalTaskHandler - Launch cmd line: /bin/bash -ue .command.run
Jun-20 15:36:48.868 [Task submitter] INFO  nextflow.Session - [72/67f4fa] Submitted process > Chromoplots (1)
Jun-20 15:36:48.880 [Task submitter] DEBUG nextflow.executor.LocalTaskHandler - Launch cmd line: /bin/bash -ue .command.run
Jun-20 15:36:48.881 [Task submitter] INFO  nextflow.Session - [91/3251f8] Submitted process > Chromoplots (3)
Jun-20 15:36:48.893 [Task submitter] DEBUG nextflow.executor.LocalTaskHandler - Launch cmd line: /bin/bash -ue .command.run
Jun-20 15:36:48.894 [Task submitter] INFO  nextflow.Session - [79/e3f648] Submitted process > Chromoplots (2)
Jun-20 15:36:58.154 [SIGINT handler] DEBUG nextflow.Session - Session aborted -- Cause: SIGINT
Jun-20 15:36:58.226 [main] DEBUG nextflow.Session - Session await > all process finished
Jun-20 15:36:58.227 [main] DEBUG nextflow.Session - Session await > all barriers passed
Jun-20 15:36:58.254 [main] WARN  n.processor.TaskPollingMonitor - Killing pending tasks (4)
Jun-20 15:36:58.337 [main] DEBUG nextflow.trace.WorkflowStatsObserver - Workflow completed > WorkflowStats[succeededCount=0; failedCount=0; ignoredCount=0; cachedCount=9; pendingCount=0; submittedCount=0; runningCount=0; retriesCount=0; abortedCount=4; succeedDuration=0ms; failedDuration=0ms; cachedDuration=1m 51s;loadCpus=0; loadMemory=0; peakRunning=4; peakCpus=8; peakMemory=0; ]
Jun-20 15:36:58.355 [main] DEBUG nextflow.CacheDB - Closing CacheDB done
Jun-20 15:36:58.390 [main] DEBUG nextflow.script.ScriptRunner - > Execution complete -- Goodbye
